<?xml version="1.0" encoding="UTF-8"?>
<!-- Generated by org.testng.reporters.JUnitXMLReporter -->
<testsuite ignored="0" hostname="192.168.1.2" failures="1" tests="1" name="Tests" time="92.129" errors="0" timestamp="2021-07-21T13:19:06 UYT">
  <testcase classname="Test.CreateWSRBodyRecord" name="VerifyWSRBodyFields" time="63.433">
    <failure type="java.lang.AssertionError" message="The following asserts failed:
	expected [https://tdccom-dev-ed.lightning.force.com/lightning/r/Body_WSR__c/a005e000004aoTJAAY/view] but found [https://tdccom-dev-ed.lightning.force.com/lightning/o/Body_WSR__c/new?count=1&amp;amp;nooverride=1&amp;amp;useRecordTypeCheck=1&amp;amp;navigationLocation=LIST_VIEW&amp;amp;uid=162688429017247990&amp;amp;backgroundContext=%2Flightning%2Fo%2FBody_WSR__c%2Flist%3FfilterName%3DRecent]">
      <![CDATA[java.lang.AssertionError: The following asserts failed:
expected [https://tdccom-dev-ed.lightning.force.com/lightning/r/Body_WSR__c/a005e000004aoTJAAY/view] but found [https://tdccom-dev-ed.lightning.force.com/lightning/o/Body_WSR__c/new?count=1&nooverride=1&useRecordTypeCheck=1&navigationLocation=LIST_VIEW&uid=162688429017247990&backgroundContext=%2Flightning%2Fo%2FBody_WSR__c%2Flist%3FfilterName%3DRecent]
at Test.CreateWSRBodyRecord.VerifyWSRBodyFields(CreateWSRBodyRecord.java:279)
at java.base/java.util.ArrayList.forEach(ArrayList.java:1511)
... Removed 29 stack frames]]>
    </failure>
  </testcase> <!-- VerifyWSRBodyFields -->
</testsuite> <!-- Tests -->
